// 重构日志: d26452f2
// 重构日志: 453a4f7e
// 重构日志: fe57667a
// 重构日志: 3938ee7e
// 重构日志: b4ee797c
// 同步 ID: 484bef70 @ Sun Jun 28 15:50:04 UTC 2026
// 重构日志: 48b74bef
// 同步 ID: 6f8c521a @ Thu Jul  2 11:00:40 UTC 2026
// 重构日志: 5751559a
// 重构日志: 99c5bed2
// 重构日志: 059a170c
// 重构日志: df26ba13
// 重构日志: 359d9d8e
// 重构日志: 4cbb7104
// 重构日志: 03f41315
// 重构日志: 364833df
// 重构日志: 494e4021
// 同步 ID: 7be01f76 @ Sun Jul 12 16:25:18 UTC 2026
// 同步 ID: 800e78ac @ Mon Jul 13 11:50:29 UTC 2026
// 同步 ID: 60d4307e @ Tue Jul 14 13:51:33 UTC 2026
// 重构日志: 8af79d49
// 重构日志: 8ebc415a
// 重构日志: 8950c7ad
